Horizon started successfully.
Horizon started successfully.
[2021-05-14 07:11:52][a07837cb-7e0f-4729-802d-72bcc801c7ef] Processing: App\Jobs\ProcessImage
[2021-05-14 07:11:53][a07837cb-7e0f-4729-802d-72bcc801c7ef] Processed:  App\Jobs\ProcessImage
[2021-05-14 07:11:52][c10684c8-48b7-4a02-b8a1-cea2664ad4d5] Processing: App\Jobs\ProcessImage
[2021-05-14 07:11:53][c10684c8-48b7-4a02-b8a1-cea2664ad4d5] Processed:  App\Jobs\ProcessImage
[2021-05-14 07:11:52][df39e97d-3154-4793-8368-ee5478e78535] Processing: App\Jobs\ProcessImage
[2021-05-14 07:11:53][df39e97d-3154-4793-8368-ee5478e78535] Processed:  App\Jobs\ProcessImage
[2021-05-14 07:12:59][16c4f997-b968-4bb5-9e2e-5ccb28e385ac] Processing: App\Jobs\ProcessImage
[2021-05-14 07:12:59][4371a65f-356c-46aa-9a48-d2e3d51b87a0] Processing: App\Jobs\ProcessImage
[2021-05-14 07:12:59][4371a65f-356c-46aa-9a48-d2e3d51b87a0] Processed:  App\Jobs\ProcessImage
[2021-05-14 07:12:59][dcf4cd5d-cd37-4e7b-ad6e-e8fe4d01e488] Processing: App\Jobs\ProcessImage
[2021-05-14 07:12:59][dcf4cd5d-cd37-4e7b-ad6e-e8fe4d01e488] Processed:  App\Jobs\ProcessImage
[2021-05-14 07:12:59][16c4f997-b968-4bb5-9e2e-5ccb28e385ac] Processed:  App\Jobs\ProcessImage
[2021-05-14 11:12:53][26965061-f200-43d3-a48d-4d26ff9242da] Processing: App\Jobs\ProcessImage
[2021-05-14 11:12:53][26965061-f200-43d3-a48d-4d26ff9242da] Processed:  App\Jobs\ProcessImage
[2021-05-14 11:12:53][d22c1449-ba61-49aa-af8f-0c4794cbfd07] Processing: App\Jobs\ProcessImage
[2021-05-14 11:12:53][d22c1449-ba61-49aa-af8f-0c4794cbfd07] Processed:  App\Jobs\ProcessImage
[2021-05-14 11:12:53][ed6c3585-a82d-4593-a2bf-dbc94e094e96] Processing: App\Jobs\ProcessImage
[2021-05-14 11:12:53][ed6c3585-a82d-4593-a2bf-dbc94e094e96] Processed:  App\Jobs\ProcessImage
Horizon started successfully.
Horizon started successfully.
[2021-05-18 06:23:50][436bf97b-9efc-416b-a489-3c748103e8ed] Processing: App\Jobs\ProcessImage
[2021-05-18 06:23:51][436bf97b-9efc-416b-a489-3c748103e8ed] Processed:  App\Jobs\ProcessImage
[2021-05-18 06:23:51][295ba668-9fc6-4749-b09a-8b7b540a6afb] Processing: App\Jobs\ProcessImage
[2021-05-18 06:23:51][295ba668-9fc6-4749-b09a-8b7b540a6afb] Processed:  App\Jobs\ProcessImage
[2021-05-18 06:23:51][edb227bd-bfc2-4e4e-b4a7-53eac7e8de33] Processing: App\Jobs\ProcessImage
[2021-05-18 06:23:51][edb227bd-bfc2-4e4e-b4a7-53eac7e8de33] Processed:  App\Jobs\ProcessImage
[2021-05-18 13:38:02][3ba88802-6fe9-4982-aea5-17762a1421c5] Processing: App\Jobs\ProcessImage
[2021-05-18 13:38:02][3ba88802-6fe9-4982-aea5-17762a1421c5] Processed:  App\Jobs\ProcessImage
[2021-05-18 13:38:02][3f51411a-fd42-44bb-8bec-06adf78f0d11] Processing: App\Jobs\ProcessImage
[2021-05-18 13:38:02][3f51411a-fd42-44bb-8bec-06adf78f0d11] Processed:  App\Jobs\ProcessImage
[2021-05-18 13:38:02][86098c11-5421-4a50-9df4-3ba8f3f33e19] Processing: App\Jobs\ProcessImage
[2021-05-18 13:38:02][86098c11-5421-4a50-9df4-3ba8f3f33e19] Processed:  App\Jobs\ProcessImage
Horizon started successfully.
[2021-05-19 06:18:20][4ca13beb-faa8-4133-9685-9a05060937c8] Processing: App\Jobs\ProcessImage
[2021-05-19 06:18:20][13f99cb0-e274-4497-af4a-2628757edf30] Processing: App\Jobs\ProcessImage
[2021-05-19 06:18:20][aa30df3d-febd-4f9a-8989-c041988817cc] Processing: App\Jobs\ProcessImage
[2021-05-19 06:18:21][4ca13beb-faa8-4133-9685-9a05060937c8] Processed:  App\Jobs\ProcessImage
[2021-05-19 06:18:21][13f99cb0-e274-4497-af4a-2628757edf30] Processed:  App\Jobs\ProcessImage
[2021-05-19 06:18:21][aa30df3d-febd-4f9a-8989-c041988817cc] Processed:  App\Jobs\ProcessImage
Horizon started successfully.
[2021-05-19 07:32:51][4ac808a8-1d7e-40ef-9608-24417adff16a] Processing: App\Jobs\ProcessImage
[2021-05-19 07:32:51][d84cc602-1f62-4269-9162-76f22b36201e] Processing: App\Jobs\ProcessImage
[2021-05-19 07:32:51][4609433a-02c2-41aa-b6c3-99225ddcf3ea] Processing: App\Jobs\ProcessImage
[2021-05-19 07:32:51][4ac808a8-1d7e-40ef-9608-24417adff16a] Processed:  App\Jobs\ProcessImage
[2021-05-19 07:32:51][d84cc602-1f62-4269-9162-76f22b36201e] Processed:  App\Jobs\ProcessImage
[2021-05-19 07:32:51][4609433a-02c2-41aa-b6c3-99225ddcf3ea] Processed:  App\Jobs\ProcessImage
[2021-05-19 07:36:04][becf234a-6bb5-49ce-b083-30f115efd244] Processing: App\Jobs\ProcessImage
[2021-05-19 07:36:04][becf234a-6bb5-49ce-b083-30f115efd244] Processed:  App\Jobs\ProcessImage
[2021-05-19 07:36:04][cbaa9b31-a6ba-43b0-824e-ded2bfdd2c2a] Processing: App\Jobs\ProcessImage
[2021-05-19 07:36:04][cbaa9b31-a6ba-43b0-824e-ded2bfdd2c2a] Processed:  App\Jobs\ProcessImage
[2021-05-19 07:36:04][eace9c66-5db1-4684-ae30-0b44dc4198da] Processing: App\Jobs\ProcessImage
[2021-05-19 07:36:04][eace9c66-5db1-4684-ae30-0b44dc4198da] Processed:  App\Jobs\ProcessImage
[2021-05-19 07:36:45][f471c82d-ec5b-43f7-9293-8e7806978e1d] Processing: App\Jobs\ProcessImage
[2021-05-19 07:36:45][f471c82d-ec5b-43f7-9293-8e7806978e1d] Processed:  App\Jobs\ProcessImage
[2021-05-19 07:36:45][7b656135-60ce-424b-905b-5f1a58dc9dae] Processing: App\Jobs\ProcessImage
[2021-05-19 07:36:46][7b656135-60ce-424b-905b-5f1a58dc9dae] Processed:  App\Jobs\ProcessImage
[2021-05-19 07:36:45][f6f5c26d-1aad-4333-918f-905d8365d299] Processing: App\Jobs\ProcessImage
[2021-05-19 07:36:45][f6f5c26d-1aad-4333-918f-905d8365d299] Processed:  App\Jobs\ProcessImage
[2021-05-19 07:36:49][58b123cc-4f77-42d7-84ce-b8fa8aea6118] Processing: App\Jobs\ProcessImage
[2021-05-19 07:36:49][87543a6c-747b-476b-a8d4-e3cb1d75f5ec] Processing: App\Jobs\ProcessImage
[2021-05-19 07:36:49][58b123cc-4f77-42d7-84ce-b8fa8aea6118] Processed:  App\Jobs\ProcessImage
[2021-05-19 07:36:49][90d23622-cc02-4ff5-bd19-131609499e68] Processing: App\Jobs\ProcessImage
[2021-05-19 07:36:49][90d23622-cc02-4ff5-bd19-131609499e68] Processed:  App\Jobs\ProcessImage
[2021-05-19 07:36:49][87543a6c-747b-476b-a8d4-e3cb1d75f5ec] Processed:  App\Jobs\ProcessImage
[2021-05-19 07:45:29][a887e9f6-3b17-4ed0-b032-2e0e55eff867] Processing: App\Jobs\ProcessImage
[2021-05-19 07:45:30][a887e9f6-3b17-4ed0-b032-2e0e55eff867] Processed:  App\Jobs\ProcessImage
[2021-05-19 07:45:29][bb4f395c-1ddc-46f4-80f1-35fa182640d2] Processing: App\Jobs\ProcessImage
[2021-05-19 07:45:30][bb4f395c-1ddc-46f4-80f1-35fa182640d2] Processed:  App\Jobs\ProcessImage
[2021-05-19 07:45:30][448bc902-40f6-4350-a86b-42af9faa8407] Processing: App\Jobs\ProcessImage
[2021-05-19 07:45:30][448bc902-40f6-4350-a86b-42af9faa8407] Processed:  App\Jobs\ProcessImage
[2021-05-19 08:16:03][6d4e2813-b884-4030-9571-d8b6adf659c7] Processing: App\Jobs\ProcessImage
[2021-05-19 08:16:03][6d4e2813-b884-4030-9571-d8b6adf659c7] Processed:  App\Jobs\ProcessImage
[2021-05-19 08:16:03][17e85557-bb14-4150-bea2-d2640db3bb60] Processing: App\Jobs\ProcessImage
[2021-05-19 08:16:04][17e85557-bb14-4150-bea2-d2640db3bb60] Processed:  App\Jobs\ProcessImage
[2021-05-19 08:16:04][57e40081-d86e-4ba7-b91c-25085642da77] Processing: App\Jobs\ProcessImage
[2021-05-19 08:16:04][57e40081-d86e-4ba7-b91c-25085642da77] Processed:  App\Jobs\ProcessImage
[2021-05-19 08:16:04][dcc6e1fe-ceeb-47a5-a995-9fb94e856694] Processing: App\Jobs\ProcessImage
[2021-05-19 08:16:04][dcc6e1fe-ceeb-47a5-a995-9fb94e856694] Processed:  App\Jobs\ProcessImage
[2021-05-19 08:16:04][24a88543-80a1-4aa6-97af-5be0e3fb4afa] Processing: App\Jobs\ProcessImage
[2021-05-19 08:16:04][24a88543-80a1-4aa6-97af-5be0e3fb4afa] Processed:  App\Jobs\ProcessImage
[2021-05-19 08:16:04][d33844de-3870-4b43-906a-044524f634aa] Processing: App\Jobs\ProcessImage
[2021-05-19 08:16:04][d33844de-3870-4b43-906a-044524f634aa] Processed:  App\Jobs\ProcessImage
[2021-05-19 08:53:17][49e843ac-6e17-40f0-8683-b105d5605ae5] Processing: App\Jobs\ProcessImage
[2021-05-19 08:53:17][49e843ac-6e17-40f0-8683-b105d5605ae5] Processed:  App\Jobs\ProcessImage
[2021-05-19 08:53:17][b8b35e59-3070-450a-92d4-b5d0cb475c26] Processing: App\Jobs\ProcessImage
[2021-05-19 08:53:17][b8b35e59-3070-450a-92d4-b5d0cb475c26] Processed:  App\Jobs\ProcessImage
[2021-05-19 08:53:17][8277ca49-08fb-4c55-b12d-902a58427b8d] Processing: App\Jobs\ProcessImage
[2021-05-19 08:53:17][74a7d3b8-3ea5-4327-bebf-ccc6682630d3] Processing: App\Jobs\ProcessImage
[2021-05-19 08:53:17][74a7d3b8-3ea5-4327-bebf-ccc6682630d3] Processed:  App\Jobs\ProcessImage
[2021-05-19 08:53:17][bfe79caf-aed3-4900-a5a5-1aacd051ce78] Processing: App\Jobs\ProcessImage
[2021-05-19 08:53:17][bfe79caf-aed3-4900-a5a5-1aacd051ce78] Processed:  App\Jobs\ProcessImage
[2021-05-19 08:53:17][de1446b9-b2b4-4758-bdae-e1b29831c0bf] Processing: App\Jobs\ProcessImage
[2021-05-19 08:53:17][99d1f56f-7e9f-4d91-9def-85a6ee973110] Processing: App\Jobs\ProcessImage
[2021-05-19 08:53:17][99d1f56f-7e9f-4d91-9def-85a6ee973110] Processed:  App\Jobs\ProcessImage
[2021-05-19 08:53:17][456c194e-1496-4fea-a7a1-3c6934c36aac] Processing: App\Jobs\ProcessImage
[2021-05-19 08:53:17][456c194e-1496-4fea-a7a1-3c6934c36aac] Processed:  App\Jobs\ProcessImage
[2021-05-19 08:53:17][b8042594-4d72-410e-85b4-ff9e9b9ce895] Processing: App\Jobs\ProcessImage
[2021-05-19 08:53:18][8277ca49-08fb-4c55-b12d-902a58427b8d] Processed:  App\Jobs\ProcessImage
[2021-05-19 08:53:18][92152f61-4b31-4f9c-ae73-2fb9be715068] Processing: App\Jobs\ProcessImage
[2021-05-19 08:53:18][92152f61-4b31-4f9c-ae73-2fb9be715068] Processed:  App\Jobs\ProcessImage
[2021-05-19 08:53:18][de1446b9-b2b4-4758-bdae-e1b29831c0bf] Processed:  App\Jobs\ProcessImage
[2021-05-19 08:53:18][0a5d9b48-971e-43ba-98fa-58a6c54082ad] Processing: App\Jobs\ProcessImage
[2021-05-19 08:53:18][0a5d9b48-971e-43ba-98fa-58a6c54082ad] Processed:  App\Jobs\ProcessImage
[2021-05-19 08:53:18][b8042594-4d72-410e-85b4-ff9e9b9ce895] Processed:  App\Jobs\ProcessImage
[2021-05-19 08:53:18][9e3cb660-1eec-4a36-a2dc-1af69a42d3c7] Processing: App\Jobs\ProcessImage
[2021-05-19 08:53:18][9e3cb660-1eec-4a36-a2dc-1af69a42d3c7] Processed:  App\Jobs\ProcessImage
[2021-05-19 09:51:09][328a838a-652e-4bb0-9d3a-03f337749a69] Processing: App\Jobs\ProcessImage
[2021-05-19 09:51:09][fb383eda-e328-42eb-9609-08150557d5bc] Processing: App\Jobs\ProcessImage
[2021-05-19 09:51:09][fb383eda-e328-42eb-9609-08150557d5bc] Processed:  App\Jobs\ProcessImage
[2021-05-19 09:51:09][66e078d5-a798-4ff9-9bb7-13b297be0680] Processing: App\Jobs\ProcessImage
[2021-05-19 09:51:09][66e078d5-a798-4ff9-9bb7-13b297be0680] Processed:  App\Jobs\ProcessImage
[2021-05-19 09:51:09][328a838a-652e-4bb0-9d3a-03f337749a69] Processed:  App\Jobs\ProcessImage
[2021-05-19 09:53:45][89937f2c-adc5-4aad-a7ef-a6f24f7bab92] Processing: App\Jobs\ProcessImage
[2021-05-19 09:53:46][89937f2c-adc5-4aad-a7ef-a6f24f7bab92] Processed:  App\Jobs\ProcessImage
[2021-05-19 09:53:45][b58032e8-d475-404e-be4b-02a02fc22c11] Processing: App\Jobs\ProcessImage
[2021-05-19 09:53:46][b58032e8-d475-404e-be4b-02a02fc22c11] Processed:  App\Jobs\ProcessImage
[2021-05-19 09:53:45][8aa8e294-4eaf-4d65-9783-c0297c4e0999] Processing: App\Jobs\ProcessImage
[2021-05-19 09:53:45][8aa8e294-4eaf-4d65-9783-c0297c4e0999] Processed:  App\Jobs\ProcessImage
[2021-05-19 11:14:37][97606b0b-4280-4d2f-930a-0b01762ba910] Processing: App\Jobs\ProcessImage
[2021-05-19 11:14:37][51ca7a72-93a1-41af-b467-23a2a4d2156a] Processing: App\Jobs\ProcessImage
[2021-05-19 11:14:37][97606b0b-4280-4d2f-930a-0b01762ba910] Processed:  App\Jobs\ProcessImage
[2021-05-19 11:14:37][8d44e237-8b96-4631-ad39-2285ebf1ce06] Processing: App\Jobs\ProcessImage
[2021-05-19 11:14:37][8d44e237-8b96-4631-ad39-2285ebf1ce06] Processed:  App\Jobs\ProcessImage
[2021-05-19 11:14:37][51ca7a72-93a1-41af-b467-23a2a4d2156a] Processed:  App\Jobs\ProcessImage
